[frosty-curran-600b4a.netlify.app/indexf24e.html]
[backblue.gif]
[fade.gif]
[index.html]
[unpkg.com/aos@3.0.0-beta.6/dist/aos.css]
[frosty-curran-600b4a.netlify.app/css/font-awesome.min.css]
[frosty-curran-600b4a.netlify.app/css/bootstrap.min.css]
[frosty-curran-600b4a.netlify.app/css/animate-headline.css]
[frosty-curran-600b4a.netlify.app/css/responsive.css]
[frosty-curran-600b4a.netlify.app/css/style.css]
[frosty-curran-600b4a.netlify.app/img/logo.png]
[frosty-curran-600b4a.netlify.app/img/home-title-img.jpg]
[frosty-curran-600b4a.netlify.app/img/portfolio1.png]
[frosty-curran-600b4a.netlify.app/img/portfolio2.jpg]
[frosty-curran-600b4a.netlify.app/img/portfolio3.jpg]
[frosty-curran-600b4a.netlify.app/img/portfolio4.jpg]
[frosty-curran-600b4a.netlify.app/img/portfolio5.jpg]
[frosty-curran-600b4a.netlify.app/img/portfolio6.jpg]
[frosty-curran-600b4a.netlify.app/js/jquery-3.5.1.min.js]
[frosty-curran-600b4a.netlify.app/js/bootstrap.min.js]
[unpkg.com/aos@3.0.0-beta.6/dist/aos.js]
[use.fontawesome.com/0f4856bca2.js]
[frosty-curran-600b4a.netlify.app/js/animate-headline-1.js]
[frosty-curran-600b4a.netlify.app/js/progress-chart.js]
[cdnjs.cloudflare.com/ajax/libs/jquery-modal/0.9.1/jquery.modal.min.js]
[frosty-curran-600b4a.netlify.app/js/app.js]
[frosty-curran-600b4a.netlify.app/indexf24e.html]
[unpkg.com/aos@3.0.0-beta.6/dist/aos.css]
[frosty-curran-600b4a.netlify.app/fonts/fontawesome-webfont3e6e.eot]
[frosty-curran-600b4a.netlify.app/fonts/fontawesome-webfontd41d.eot]
[frosty-curran-600b4a.netlify.app/fonts/fontawesome-webfont3e6e.woff2]
[frosty-curran-600b4a.netlify.app/fonts/fontawesome-webfont3e6e.woff]
[frosty-curran-600b4a.netlify.app/fonts/fontawesome-webfont3e6e.ttf]
[frosty-curran-600b4a.netlify.app/fonts/fontawesome-webfont3e6e.svg]
[frosty-curran-600b4a.netlify.app/css/font-awesome.min.css]
[frosty-curran-600b4a.netlify.app/css/bootstrap.min.css]
[frosty-curran-600b4a.netlify.app/css/animate-headline.css]
[frosty-curran-600b4a.netlify.app/css/responsive.css]
[frosty-curran-600b4a.netlify.app/img/homepage-img.jpg]
[frosty-curran-600b4a.netlify.app/css/style.css]
[frosty-curran-600b4a.netlify.app/fonts/fontawesome-webfont3e6e.html]
[frosty-curran-600b4a.netlify.app/fonts/fontawesome-webfontd41d.html]
[frosty-curran-600b4a.netlify.app/fonts/fontawesome-webfont3e6e-2.html]
[frosty-curran-600b4a.netlify.app/fonts/fontawesome-webfont3e6e-3.html]
[frosty-curran-600b4a.netlify.app/fonts/fontawesome-webfont3e6e-4.html]
[frosty-curran-600b4a.netlify.app/fonts/fontawesome-webfont3e6e-5.html]
