[aminbabu.github.io/Portfolio_06_19_2020/index6e04.html]
[backblue.gif]
[fade.gif]
[index.html]
[aminbabu.github.io/Portfolio_06_19_2020/css/style.css]
[cdnjs.cloudflare.com/ajax/libs/font-awesome/4.7.0/css/font-awesome.min.css]
[cdn.jsdelivr.net/gh/cferdinandi/smooth-scroll/dist/smooth-scroll.polyfills.min.js]
[aminbabu.github.io/Portfolio_06_19_2020/images/avatar-2.jpg]
[aminbabu.github.io/Portfolio_06_19_2020/images/box.jpg]
[aminbabu.github.io/Portfolio_06_19_2020/images/blueorange.jpg]
[aminbabu.github.io/Portfolio_06_19_2020/images/design.jpg]
[aminbabu.github.io/Portfolio_06_19_2020/images/redtriangle.jpg]
[aminbabu.github.io/Portfolio_06_19_2020/images/bulb.jpg]
[aminbabu.github.io/Portfolio_06_19_2020/images/keyboard.jpg]
[aminbabu.github.io/Portfolio_06_19_2020/images/light.jpg]
[aminbabu.github.io/Portfolio_06_19_2020/images/user-01.jpg]
[aminbabu.github.io/Portfolio_06_19_2020/index.html]
[aminbabu.github.io/Portfolio_06_19_2020/index6e04.html]
[aminbabu.github.io/Portfolio_06_19_2020/images/background.jpg]
[aminbabu.github.io/Portfolio_06_19_2020/images/form-img.jpg]
[aminbabu.github.io/Portfolio_06_19_2020/css/style.css]
[cdnjs.cloudflare.com/ajax/libs/font-awesome/4.7.0/css/font-awesome.min.css]
[aminbabu.github.io/Portfolio_06_19_2020/index.html]
